<?xml version="1.0" encoding="UTF-8"?>
<!-- Generated by org.testng.reporters.JUnitXMLReporter -->
<testsuite ignored="0" hostname="DESKTOP-OFPJT34" failures="0" tests="5" name="TESTCASE1" time="61.381" errors="0" timestamp="2024-08-30T20:57:40 IST">
  <testcase classname="TESTCASES.TESTCASE1" name="TESTCASE1" time="7.317"/>
  <testcase classname="TESTCASES.TESTCASE1" name="TESTCASE1" time="13.371"/>
  <testcase classname="TESTCASES.TESTCASE1" name="TESTCASE1" time="13.283"/>
  <testcase classname="TESTCASES.TESTCASE1" name="TESTCASE1" time="13.306"/>
  <testcase classname="TESTCASES.TESTCASE1" name="TESTCASE1" time="13.29"/>
</testsuite> <!-- TESTCASE1 -->
