<?xml version="1.0" encoding="UTF-8"?>
<!-- Generated by org.testng.reporters.JUnitXMLReporter -->
<testsuite ignored="0" hostname="DESKTOP-OFPJT34" failures="0" tests="4" name="TESTCASE2" time="53.584" errors="0" timestamp="2024-08-30T20:58:33 IST">
  <testcase classname="TESTCASES.TESTCASE2" name="TESTCASE2" time="13.296"/>
  <testcase classname="TESTCASES.TESTCASE2" name="TESTCASE2" time="13.24"/>
  <testcase classname="TESTCASES.TESTCASE2" name="TESTCASE2" time="13.224"/>
  <testcase classname="TESTCASES.TESTCASE2" name="TESTCASE2" time="13.239"/>
</testsuite> <!-- TESTCASE2 -->
